<?xml version="1.0" encoding="UTF-8"?>
<!-- Generated by org.testng.reporters.JUnitReportReporter -->
<testsuite hostname="ostovbenko-ws" failures="0" tests="3" name="techList.test.LoginTestWithoutPage" time="31.781" errors="0" timestamp="2020-01-30T16:04:52 EET" skipped="0">
  <testcase classname="techList.test.LoginTestWithoutPage" name="testIncorrectLogin" time="10.554"/>
  <testcase classname="techList.test.LoginTestWithoutPage" name="testIncorrectLogin" time="10.652"/>
  <testcase classname="techList.test.LoginTestWithoutPage" name="testIncorrectLogin" time="10.575"/>
</testsuite> <!-- techList.test.LoginTestWithoutPage -->
