<?xml version="1.0" encoding="UTF-8"?>
<!-- Generated by org.testng.reporters.JUnitReportReporter -->
<testsuite hostname="ostovbenko-ws" failures="0" tests="6" name="techList.test.LoginTest" time="73.882" errors="0" timestamp="2020-01-31T11:08:51 EET" skipped="0">
  <testcase classname="techList.test.LoginTest" name="testSort" time="13.777"/>
  <testcase classname="techList.test.LoginTest" name="testLogin" time="15.597"/>
  <testcase classname="techList.test.LoginTest" name="testSort" time="15.182"/>
  <testcase classname="techList.test.LoginTest" name="testLogin" time="11.759"/>
  <testcase classname="techList.test.LoginTest" name="testLogin" time="8.327"/>
  <testcase classname="techList.test.LoginTest" name="testSort" time="9.240"/>
</testsuite> <!-- techList.test.LoginTest -->
