<?xml version="1.0" encoding="UTF-8"?>
<!-- Generated by org.testng.reporters.JUnitReportReporter -->
<testsuite hostname="ostovbenko-ws" failures="0" tests="9" name="techList.test.TestsContentProvider" time="109.060" errors="0" timestamp="2020-01-31T14:38:55 EET" skipped="0">
  <testcase classname="techList.test.TestsContentProvider" name="testSort" time="9.719"/>
  <testcase classname="techList.test.TestsContentProvider" name="testEditForm" time="8.519"/>
  <testcase classname="techList.test.TestsContentProvider" name="testLogin" time="11.406"/>
  <testcase classname="techList.test.TestsContentProvider" name="testLogin" time="14.703"/>
  <testcase classname="techList.test.TestsContentProvider" name="testEditForm" time="11.551"/>
  <testcase classname="techList.test.TestsContentProvider" name="testSort" time="13.633"/>
  <testcase classname="techList.test.TestsContentProvider" name="testSort" time="16.285"/>
  <testcase classname="techList.test.TestsContentProvider" name="testEditForm" time="14.775"/>
  <testcase classname="techList.test.TestsContentProvider" name="testLogin" time="8.469"/>
</testsuite> <!-- techList.test.TestsContentProvider -->
